# JRE version: OpenJDK Runtime Environment (8.0_242-b01) (build 1.8.0_242-release-1644-b01)
# Java VM: OpenJDK 64-Bit Server VM (25.242-b01 mixed mode windows-amd64 compressed oops)
Heap:
 PSYoungGen      total 494080K, used 457216K [0x00000000d5580000, 0x00000000f6400000, 0x0000000100000000)
  eden space 457216K, 100% used [0x00000000d5580000,0x00000000f1400000,0x00000000f1400000)
  from space 36864K, 0% used [0x00000000f4000000,0x00000000f4000000,0x00000000f6400000)
  to   space 40960K, 0% used [0x00000000f1400000,0x00000000f1400000,0x00000000f3c00000)
 ParOldGen       total 235520K, used 79460K [0x0000000080000000, 0x000000008e600000, 0x00000000d5580000)
  object space 235520K, 33% used [0x0000000080000000,0x0000000084d990e0,0x000000008e600000)
 Metaspace       used 98334K, capacity 102938K, committed 103000K, reserved 1138688K
  class space    used 13003K, capacity 13952K, committed 13952K, reserved 1048576K
GC Heap History (10 events):
Event: 18.026 GC heap before
{Heap before GC invocations=12 (full 3):
 PSYoungGen      total 343040K, used 17369K [0x00000000d5580000, 0x00000000f1100000, 0x0000000100000000)
  eden space 320512K, 0% used [0x00000000d5580000,0x00000000d5580000,0x00000000e8e80000)
  from space 22528K, 77% used [0x00000000e8e80000,0x00000000e9f765c0,0x00000000ea480000)
  to   space 24064K, 0% used [0x00000000ef980000,0x00000000ef980000,0x00000000f1100000)
 ParOldGen       total 94208K, used 29650K [0x0000000080000000, 0x0000000085c00000, 0x00000000d5580000)
  object space 94208K, 31% used [0x0000000080000000,0x0000000081cf4928,0x0000000085c00000)
 Metaspace       used 56830K, capacity 58850K, committed 59096K, reserved 1099776K
  class space    used 7749K, capacity 8180K, committed 8192K, reserved 1048576K
Event: 18.349 GC heap after
Heap after GC invocations=12 (full 3):
 PSYoungGen      total 343040K, used 0K [0x00000000d5580000, 0x00000000f1100000, 0x0000000100000000)
  eden space 320512K, 0% used [0x00000000d5580000,0x00000000d5580000,0x00000000e8e80000)
  from space 22528K, 0% used [0x00000000e8e80000,0x00000000e8e80000,0x00000000ea480000)
  to   space 24064K, 0% used [0x00000000ef980000,0x00000000ef980000,0x00000000f1100000)
 ParOldGen       total 138752K, used 32204K [0x0000000080000000, 0x0000000088780000, 0x00000000d5580000)
  object space 138752K, 23% used [0x0000000080000000,0x0000000081f732b8,0x0000000088780000)
 Metaspace       used 56819K, capacity 58814K, committed 59096K, reserved 1099776K
  class space    used 7745K, capacity 8174K, committed 8192K, reserved 1048576K
}
Event: 27.485 GC heap before
{Heap before GC invocations=13 (full 3):
 PSYoungGen      total 343040K, used 320512K [0x00000000d5580000, 0x00000000f1100000, 0x0000000100000000)
  eden space 320512K, 100% used [0x00000000d5580000,0x00000000e8e80000,0x00000000e8e80000)
  from space 22528K, 0% used [0x00000000e8e80000,0x00000000e8e80000,0x00000000ea480000)
  to   space 24064K, 0% used [0x00000000ef980000,0x00000000ef980000,0x00000000f1100000)
 ParOldGen       total 138752K, used 32204K [0x0000000080000000, 0x0000000088780000, 0x00000000d5580000)
  object space 138752K, 23% used [0x0000000080000000,0x0000000081f732b8,0x0000000088780000)
 Metaspace       used 71943K, capacity 75100K, committed 75480K, reserved 1114112K
  class space    used 9743K, capacity 10372K, committed 10496K, reserved 1048576K
Event: 27.543 GC heap after
Heap after GC invocations=13 (full 3):
 PSYoungGen      total 414208K, used 24052K [0x00000000d5580000, 0x00000000f1100000, 0x0000000100000000)
  eden space 390144K, 0% used [0x00000000d5580000,0x00000000d5580000,0x00000000ed280000)
  from space 24064K, 99% used [0x00000000ef980000,0x00000000f10fd2e8,0x00000000f1100000)
  to   space 28160K, 0% used [0x00000000eda00000,0x00000000eda00000,0x00000000ef580000)
 ParOldGen       total 138752K, used 33211K [0x0000000080000000, 0x0000000088780000, 0x00000000d5580000)
  object space 138752K, 23% used [0x0000000080000000,0x000000008206eef8,0x0000000088780000)
 Metaspace       used 71943K, capacity 75100K, committed 75480K, reserved 1114112K
  class space    used 9743K, capacity 10372K, committed 10496K, reserved 1048576K
}
Event: 177.683 GC heap before
{Heap before GC invocations=14 (full 3):
 PSYoungGen      total 414208K, used 414196K [0x00000000d5580000, 0x00000000f1100000, 0x0000000100000000)
  eden space 390144K, 100% used [0x00000000d5580000,0x00000000ed280000,0x00000000ed280000)
  from space 24064K, 99% used [0x00000000ef980000,0x00000000f10fd2e8,0x00000000f1100000)
  to   space 28160K, 0% used [0x00000000eda00000,0x00000000eda00000,0x00000000ef580000)
 ParOldGen       total 138752K, used 33211K [0x0000000080000000, 0x0000000088780000, 0x00000000d5580000)
  object space 138752K, 23% used [0x0000000080000000,0x000000008206eef8,0x0000000088780000)
 Metaspace       used 90644K, capacity 94602K, committed 94680K, reserved 1130496K
  class space    used 12234K, capacity 13050K, committed 13056K, reserved 1048576K
Event: 177.741 GC heap after
Heap after GC invocations=14 (full 3):
 PSYoungGen      total 425984K, used 28149K [0x00000000d5580000, 0x00000000f6880000, 0x0000000100000000)
  eden space 397824K, 0% used [0x00000000d5580000,0x00000000d5580000,0x00000000eda00000)
  from space 28160K, 99% used [0x00000000eda00000,0x00000000ef57d450,0x00000000ef580000)
  to   space 41472K, 0% used [0x00000000f4000000,0x00000000f4000000,0x00000000f6880000)
 ParOldGen       total 138752K, used 58634K [0x0000000080000000, 0x0000000088780000, 0x00000000d5580000)
  object space 138752K, 42% used [0x0000000080000000,0x0000000083942b60,0x0000000088780000)
 Metaspace       used 90644K, capacity 94602K, committed 94680K, reserved 1130496K
  class space    used 12234K, capacity 13050K, committed 13056K, reserved 1048576K
}
Event: 377.750 GC heap before
{Heap before GC invocations=15 (full 3):
 PSYoungGen      total 425984K, used 79921K [0x00000000d5580000, 0x00000000f6880000, 0x0000000100000000)
  eden space 397824K, 13% used [0x00000000d5580000,0x00000000d880f298,0x00000000eda00000)
  from space 28160K, 99% used [0x00000000eda00000,0x00000000ef57d450,0x00000000ef580000)
  to   space 41472K, 0% used [0x00000000f4000000,0x00000000f4000000,0x00000000f6880000)
 ParOldGen       total 138752K, used 58634K [0x0000000080000000, 0x0000000088780000, 0x00000000d5580000)
  object space 138752K, 42% used [0x0000000080000000,0x0000000083942b60,0x0000000088780000)
 Metaspace       used 94192K, capacity 98420K, committed 98496K, reserved 1134592K
  class space    used 12501K, capacity 13365K, committed 13440K, reserved 1048576K
Event: 377.900 GC heap after
Heap after GC invocations=15 (full 3):
 PSYoungGen      total 494080K, used 21181K [0x00000000d5580000, 0x00000000f6400000, 0x0000000100000000)
  eden space 457216K, 0% used [0x00000000d5580000,0x00000000d5580000,0x00000000f1400000)
  from space 36864K, 57% used [0x00000000f4000000,0x00000000f54af650,0x00000000f6400000)
  to   space 40960K, 0% used [0x00000000f1400000,0x00000000f1400000,0x00000000f3c00000)
 ParOldGen       total 138752K, used 69500K [0x0000000080000000, 0x0000000088780000, 0x00000000d5580000)
  object space 138752K, 50% used [0x0000000080000000,0x00000000843df0f0,0x0000000088780000)
 Metaspace       used 94192K, capacity 98420K, committed 98496K, reserved 1134592K
  class space    used 12501K, capacity 13365K, committed 13440K, reserved 1048576K
}
Event: 377.900 GC heap before
{Heap before GC invocations=16 (full 4):
 PSYoungGen      total 494080K, used 21181K [0x00000000d5580000, 0x00000000f6400000, 0x0000000100000000)
  eden space 457216K, 0% used [0x00000000d5580000,0x00000000d5580000,0x00000000f1400000)
  from space 36864K, 57% used [0x00000000f4000000,0x00000000f54af650,0x00000000f6400000)
  to   space 40960K, 0% used [0x00000000f1400000,0x00000000f1400000,0x00000000f3c00000)
 ParOldGen       total 138752K, used 69500K [0x0000000080000000, 0x0000000088780000, 0x00000000d5580000)
  object space 138752K, 50% used [0x0000000080000000,0x00000000843df0f0,0x0000000088780000)
 Metaspace       used 94192K, capacity 98420K, committed 98496K, reserved 1134592K
  class space    used 12501K, capacity 13365K, committed 13440K, reserved 1048576K
Event: 378.732 GC heap after
Heap after GC invocations=16 (full 4):
 PSYoungGen      total 494080K, used 0K [0x00000000d5580000, 0x00000000f6400000, 0x0000000100000000)
  eden space 457216K, 0% used [0x00000000d5580000,0x00000000d5580000,0x00000000f1400000)
  from space 36864K, 0% used [0x00000000f4000000,0x00000000f4000000,0x00000000f6400000)
  to   space 40960K, 0% used [0x00000000f1400000,0x00000000f1400000,0x00000000f3c00000)
 ParOldGen       total 235520K, used 79460K [0x0000000080000000, 0x000000008e600000, 0x00000000d5580000)
  object space 235520K, 33% used [0x0000000080000000,0x0000000084d990e0,0x000000008e600000)
 Metaspace       used 94099K, capacity 98152K, committed 98496K, reserved 1134592K
  class space    used 12472K, capacity 13313K, committed 13440K, reserved 1048576K
}

